<?xml version="1.0" encoding="UTF-8"?>
<!-- Generated by org.testng.reporters.JUnitReportReporter -->
<testsuite hostname="MSI" failures="0" tests="1" name="testcases.loginfunctionality" time="8.251" errors="0" timestamp="2024-01-08T19:13:28 IST" skipped="0">
  <testcase classname="testcases.loginfunctionality" name="Enterhomepage" time="8.251"/>
</testsuite> <!-- testcases.loginfunctionality -->
