<?xml version="1.0" encoding="UTF-8"?>
<!-- Generated by org.testng.reporters.JUnitReportReporter -->
<testsuite hostname="MSI" failures="0" tests="1" name="test.TestNg" time="0.010" errors="0" timestamp="2024-01-08T12:42:28 IST" skipped="0">
  <testcase classname="test.TestNg" name="Test" time="0.010"/>
</testsuite> <!-- test.TestNg -->
